<?xml version="1.0" encoding="UTF-8"?>
<robot generator="Robot 6.0.2 (Python 3.11.1 on win32)" generated="20230208 09:17:51.689" rpa="false" schemaversion="3">
<suite id="s1" name="SQAtest" source="C:\Users\Phoenix\test automation\SQAtest.robot">
<test id="s1-t1" name="I am access form register facebook Page" line="9">
<kw name="Open Browser" library="SeleniumLibrary">
<arg>${LOGIN URL}</arg>
<arg>${BROWSER}</arg>
<doc>Opens a new browser instance to the optional ``url``.</doc>
<msg timestamp="20230208 09:17:51.881" level="INFO">Opening browser 'Chrome' to base url 'https://en-gb.facebook.com/reg/'.</msg>
<status status="PASS" starttime="20230208 09:17:51.881" endtime="20230208 09:17:53.972"/>
</kw>
<kw name="Maximize Browser Window" library="SeleniumLibrary">
<doc>Maximizes current browser window.</doc>
<status status="PASS" starttime="20230208 09:17:53.973" endtime="20230208 09:17:54.093"/>
</kw>
<status status="PASS" starttime="20230208 09:17:51.880" endtime="20230208 09:17:54.094"/>
</test>
<test id="s1-t2" name="User Fills Out Facebook Registration Form" line="12">
<kw name="Input Text" library="SeleniumLibrary">
<arg>//input[@name="firstname"]</arg>
<arg>Ais</arg>
<doc>Types the given ``text`` into the text field identified by ``locator``.</doc>
<msg timestamp="20230208 09:17:54.101" level="INFO">Typing text 'Ais' into text field '//input[@name="firstname"]'.</msg>
<status status="PASS" starttime="20230208 09:17:54.099" endtime="20230208 09:17:54.220"/>
</kw>
<kw name="Input Text" library="SeleniumLibrary">
<arg>//input[@name="lastname"]</arg>
<arg>Achmad Sutrisna</arg>
<doc>Types the given ``text`` into the text field identified by ``locator``.</doc>
<msg timestamp="20230208 09:17:54.222" level="INFO">Typing text 'Achmad Sutrisna' into text field '//input[@name="lastname"]'.</msg>
<status status="PASS" starttime="20230208 09:17:54.221" endtime="20230208 09:17:54.341"/>
</kw>
<kw name="Input Text" library="SeleniumLibrary">
<arg>//input[@name="reg_email__"]</arg>
<arg>08986250074</arg>
<doc>Types the given ``text`` into the text field identified by ``locator``.</doc>
<msg timestamp="20230208 09:17:54.343" level="INFO">Typing text '08986250074' into text field '//input[@name="reg_email__"]'.</msg>
<status status="PASS" starttime="20230208 09:17:54.342" endtime="20230208 09:17:54.429"/>
</kw>
<kw name="Input Password" library="SeleniumLibrary">
<arg>//input[@name="reg_passwd__"]</arg>
<arg>123Jakarta</arg>
<doc>Types the given password into the text field identified by ``locator``.</doc>
<msg timestamp="20230208 09:17:54.431" level="INFO">Typing password into text field '//input[@name="reg_passwd__"]'.</msg>
<msg timestamp="20230208 09:17:54.465" level="INFO">Temporally setting log level to: NONE</msg>
<msg timestamp="20230208 09:17:54.510" level="INFO">Log level changed from NONE to INFO.</msg>
<status status="PASS" starttime="20230208 09:17:54.430" endtime="20230208 09:17:54.510"/>
</kw>
<kw name="Select From List By Value" library="SeleniumLibrary">
<arg>//Select[@name="birthday_day"]</arg>
<arg>22</arg>
<doc>Selects options from selection list ``locator`` by ``values``.</doc>
<msg timestamp="20230208 09:17:54.511" level="INFO">Selecting options from selection list '//Select[@name="birthday_day"]' by value 22.</msg>
<status status="PASS" starttime="20230208 09:17:54.510" endtime="20230208 09:17:54.594"/>
</kw>
<kw name="Select From List By Value" library="SeleniumLibrary">
<arg>//Select[@name="birthday_month"]</arg>
<arg>12</arg>
<doc>Selects options from selection list ``locator`` by ``values``.</doc>
<msg timestamp="20230208 09:17:54.595" level="INFO">Selecting options from selection list '//Select[@name="birthday_month"]' by value 12.</msg>
<status status="PASS" starttime="20230208 09:17:54.595" endtime="20230208 09:17:54.675"/>
</kw>
<kw name="Select From List By Value" library="SeleniumLibrary">
<arg>//Select[@name="birthday_year"]</arg>
<arg>1998</arg>
<doc>Selects options from selection list ``locator`` by ``values``.</doc>
<msg timestamp="20230208 09:17:54.677" level="INFO">Selecting options from selection list '//Select[@name="birthday_year"]' by value 1998.</msg>
<status status="PASS" starttime="20230208 09:17:54.676" endtime="20230208 09:17:54.774"/>
</kw>
<kw name="Click Element" library="SeleniumLibrary">
<arg>//input[@value="2"]</arg>
<doc>Click the element identified by ``locator``.</doc>
<msg timestamp="20230208 09:17:54.776" level="INFO">Clicking element '//input[@value="2"]'.</msg>
<status status="PASS" starttime="20230208 09:17:54.775" endtime="20230208 09:17:54.832"/>
</kw>
<kw name="Sleep" library="BuiltIn">
<arg>3s</arg>
<doc>Pauses the test executed for the given time.</doc>
<msg timestamp="20230208 09:17:57.834" level="INFO">Slept 3 seconds</msg>
<status status="PASS" starttime="20230208 09:17:54.833" endtime="20230208 09:17:57.834"/>
</kw>
<kw name="Close Browser" library="SeleniumLibrary">
<doc>Closes the current browser.</doc>
<status status="PASS" starttime="20230208 09:17:57.834" endtime="20230208 09:18:00.278"/>
</kw>
<status status="PASS" starttime="20230208 09:17:54.098" endtime="20230208 09:18:00.280"/>
</test>
<status status="PASS" starttime="20230208 09:17:51.690" endtime="20230208 09:18:00.283"/>
</suite>
<statistics>
<total>
<stat pass="2" fail="0" skip="0">All Tests</stat>
</total>
<tag>
</tag>
<suite>
<stat pass="2" fail="0" skip="0" id="s1" name="SQAtest">SQAtest</stat>
</suite>
</statistics>
<errors>
</errors>
</robot>
